<?xml version="1.0" encoding="UTF-8"?>
<!-- Generated by org.testng.reporters.JUnitXMLReporter -->
<testsuite ignored="0" hostname="geocon-valentin" failures="0" tests="0" name="Test" time="0.071" errors="0" timestamp="2024-10-02T15:29:51 IDT">
  <testcase classname="io.cucumber.testng.AbstractTestNGCucumberTests" name="@BeforeClass setUpClass" time="0.049">
    <failure type="io.cucumber.core.exception.CucumberException" message="Failed to parse &amp;apos;cucumber.filter.tags&amp;apos; with value &amp;apos;(@ ThirdButtonTag and (not @MaleTag))&amp;apos;">
      <![CDATA[io.cucumber.core.exception.CucumberException: Failed to parse 'cucumber.filter.tags' with value '(@ ThirdButtonTag and (not @MaleTag))'
at io.cucumber.core.options.CucumberPropertiesParser.parseAll(CucumberPropertiesParser.java:147)
at io.cucumber.core.options.CucumberPropertiesParser.parse(CucumberPropertiesParser.java:132)
at io.cucumber.core.options.CucumberPropertiesParser.parse(CucumberPropertiesParser.java:81)
at io.cucumber.core.options.CucumberPropertiesParser.parse(CucumberPropertiesParser.java:40)
at io.cucumber.testng.TestNGCucumberRunner.<init>(TestNGCucumberRunner.java:97)
at io.cucumber.testng.AbstractTestNGCucumberTests.setUpClass(AbstractTestNGCucumberTests.java:27)
at java.base/java.util.concurrent.ThreadPoolExecutor.runWorker(ThreadPoolExecutor.java:1136)
at java.base/java.util.concurrent.ThreadPoolExecutor$Worker.run(ThreadPoolExecutor.java:635)
at java.base/java.lang.Thread.run(Thread.java:833)
Caused by: io.cucumber.tagexpressions.TagExpressionException: Tag expression '(@ ThirdButtonTag and (not @MaleTag))' could not be parsed because of syntax error: expected operator
at io.cucumber.tagexpressions.TagExpressionParser.check(TagExpressionParser.java:136)
at io.cucumber.tagexpressions.TagExpressionParser.parse(TagExpressionParser.java:74)
at io.cucumber.tagexpressions.TagExpressionParser.parse(TagExpressionParser.java:27)
at java.base/java.util.function.Function.lambda$andThen$1(Function.java:88)
at io.cucumber.core.options.CucumberPropertiesParser.parseAll(CucumberPropertiesParser.java:144)
... 18 more
... Removed 10 stack frames]]>
    </failure>
  </testcase> <!-- @BeforeClass setUpClass -->
</testsuite> <!-- Test -->
